<?xml version="1.0" encoding="UTF-8"?>
<testng-results ignored="0" total="1" passed="1" failed="0" skipped="0">
  <reporter-output>
  </reporter-output>
  <suite started-at="2022-08-14T11:07:27 EDT" name="Suite" finished-at="2022-08-14T11:07:39 EDT" duration-ms="12317">
    <groups>
    </groups>
    <test started-at="2022-08-14T11:07:27 EDT" name="Test" finished-at="2022-08-14T11:07:39 EDT" duration-ms="12317">
      <class name="Test_Model.Sign_Up">
        <test-method is-config="true" signature="Setup()[pri:0, instance:Test_Model.Sign_Up@1817d444]" started-at="2022-08-14T11:07:23 EDT" name="Setup" finished-at="2022-08-14T11:07:27 EDT" duration-ms="4051" status="PASS">
          <reporter-output>
          </reporter-output>
        </test-method> <!-- Setup -->
        <test-method signature="SIGN_UP()[pri:0, instance:Test_Model.Sign_Up@1817d444]" started-at="2022-08-14T11:07:27 EDT" name="SIGN_UP" finished-at="2022-08-14T11:07:39 EDT" duration-ms="12282" status="PASS">
          <reporter-output>
          </reporter-output>
        </test-method> <!-- SIGN_UP -->
        <test-method is-config="true" signature="Ending()[pri:0, instance:Test_Model.Sign_Up@1817d444]" started-at="2022-08-14T11:07:39 EDT" name="Ending" finished-at="2022-08-14T11:07:44 EDT" duration-ms="4776" status="PASS">
          <reporter-output>
          </reporter-output>
        </test-method> <!-- Ending -->
      </class> <!-- Test_Model.Sign_Up -->
    </test> <!-- Test -->
  </suite> <!-- Suite -->
</testng-results>
